#
# A fatal error has been detected by the Java Runtime Environment:
#
#  EXCEPTION_ACCESS_VIOLATION (0xc0000005) at pc=0x00007ffdd99c3ee0, pid=16400, tid=17960
#
# JRE version: Java(TM) SE Runtime Environment (10.0+39) (build 10-ea+39)
# Java VM: Java HotSpot(TM) 64-Bit Server VM (10-ea+39, mixed mode, tiered, compressed oops, g1 gc, windows-amd64)
# Problematic frame:
# C  [glfw.dll+0x3ee0]
#
# No core dump will be written. Minidumps are not enabled by default on client versions of Windows
#
# If you would like to submit a bug report, please visit:
#   http://bugreport.java.com/bugreport/crash.jsp
# The crash happened outside the Java Virtual Machine in native code.
# See problematic frame for where to report the bug.
#

---------------  S U M M A R Y ------------

Command Line: -Dfile.encoding=Cp1252 com.dezzy.skorp3legit.main.Main

Host: Intel(R) Core(TM) i7-6500U CPU @ 2.50GHz, 4 cores, 11G,  Windows 10 , 64 bit Build 17134 (10.0.17134.1)
Time: Sun Jan 13 10:21:29 2019 Eastern Standard Time elapsed time: 0 seconds (0d 0h 0m 0s)

---------------  T H R E A D  ---------------

Current thread (0x000001726bc8e800):  JavaThread "main" [_thread_in_native, id=17960, stack(0x0000005f65200000,0x0000005f65300000)]

Stack: [0x0000005f65200000,0x0000005f65300000],  sp=0x0000005f652ff490,  free space=1021k
Native frames: (J=compiled Java code, j=interpreted, Vv=VM code, C=native code)
C  [glfw.dll+0x3ee0]

Java frames: (J=compiled Java code, j=interpreted, Vv=VM code)
j  org.lwjgl.system.JNI.invokePPP(JJJ)J+0
j  org.lwjgl.glfw.GLFW.nglfwSetKeyCallback(JJ)J+20
j  org.lwjgl.glfw.GLFW.glfwSetKeyCallback(JLorg/lwjgl/glfw/GLFWKeyCallbackI;)Lorg/lwjgl/glfw/GLFWKeyCallback;+5
j  com.dezzy.skorp3legit.test.GLFWTest.init()V+120
j  com.dezzy.skorp3legit.test.GLFWTest.run()V+25
j  com.dezzy.skorp3legit.main.Main.main([Ljava/lang/String;)V+9
v  ~StubRoutines::call_stub

siginfo: EXCEPTION_ACCESS_VIOLATION (0xc0000005), reading address 0x000000006dff0027


Register to memory mapping:

RIP=0x00007ffdd99c3ee0 glfw.dll
RAX=0x00007ffdd69f1a50 lwjgl.dll
RBX={method} {0x0000017211d62ab8} 'invokePPP' '(JJJ)J' in 'org/lwjgl/system/JNI'
RCX=0x000000006dfefd07 is an unknown value
RDX=0x000001721bfc0000 is an unknown value
RSP=0x0000005f652ff490 is pointing into the stack for thread: 0x000001726bc8e800
RBP=0x0000005f652ff558 is pointing into the stack for thread: 0x000001726bc8e800
RSI=0x0000000000000000 is an unknown value
RDI=0x0000017200009c10 is at code_begin+1040 in an Interpreter codelet
invoke return entry points  [0x0000017200009800, 0x000001720000a1e0]  2528 bytes
R8 =0x00007ffdd99c3ec0 glfw.dll
R9 =0x000000006dfefd07 is an unknown value
R10=0x000001720000f2e8 is at code_begin+1000 in an Interpreter codelet
method entry point (kind = native)  [0x000001720000ef00, 0x000001720000fa60]  2912 bytes
R11=0x000000070d225ea8 is an oop
java.lang.Class 
{0x000000070d225ea8} - klass: 'java/lang/Class'
R12=0x0000000000000000 is an unknown value
R13={method} {0x0000017211d62ab8} 'invokePPP' '(JJJ)J' in 'org/lwjgl/system/JNI'
R14=0x0000005f652ff5a0 is pointing into the stack for thread: 0x000001726bc8e800
R15=0x000001726bc8e800 is a thread


Registers:
RAX=0x00007ffdd69f1a50, RBX=0x0000017211d62ab0, RCX=0x000000006dfefd07, RDX=0x000001721bfc0000
RSP=0x0000005f652ff490, RBP=0x0000005f652ff558, RSI=0x0000000000000000, RDI=0x0000017200009c10
R8 =0x00007ffdd99c3ec0, R9 =0x000000006dfefd07, R10=0x000001720000f2e8, R11=0x000000070d225ea8
R12=0x0000000000000000, R13=0x0000017211d62ab0, R14=0x0000005f652ff5a0, R15=0x000001726bc8e800
RIP=0x00007ffdd99c3ee0, EFLAGS=0x0000000000010202

Top of Stack: (sp=0x0000005f652ff490)
0x0000005f652ff490:   0000017211d62a00 0000017211d62ab0
0x0000005f652ff4a0:   0000000000000000 0000000064ab1c92
0x0000005f652ff4b0:   000001726bc8e800 000001720000f317
0x0000005f652ff4c0:   0000005f652ff558 000001726bc8e800
0x0000005f652ff4d0:   0000017200009c10 000001720000effc
0x0000005f652ff4e0:   000001721bfc0000 0000005f652ff558
0x0000005f652ff4f0:   0000000000000000 0000000000000000
0x0000005f652ff500:   0000017200009c10 000001720000efb6
0x0000005f652ff510:   0000005f652ff510 0000017211d62ab0
0x0000005f652ff520:   0000005f652ff5a0 0000017211d924f0
0x0000005f652ff530:   0000000000000000 000000070d225ea8
0x0000005f652ff540:   0000017211d62ab0 0000000000000000
0x0000005f652ff550:   0000005f652ff578 0000005f652ff5f0
0x0000005f652ff560:   0000017200009c10 000000070d225ea8
0x0000005f652ff570:   000001720000c257 000001721bfc0000
0x0000005f652ff580:   0000000000000000 000000006dfefd07 

Instructions: (pc=0x00007ffdd99c3ee0)
0x00007ffdd99c3ec0:   48 83 ec 28 83 3d 45 1b 05 00 00 75 13 33 d2 b9
0x00007ffdd99c3ed0:   01 00 01 00 e8 87 dd ff ff 33 c0 48 83 c4 28 c3
0x00007ffdd99c3ee0:   48 8b 81 20 03 00 00 48 89 91 20 03 00 00 48 83
0x00007ffdd99c3ef0:   c4 28 c3 cc cc cc cc cc cc cc cc cc cc cc cc cc 



---------------  P R O C E S S  ---------------

Threads class SMR info:
_java_thread_list=0x0000017211f7a120, length=11, elements={
0x000001726bc8e800, 0x0000017211e6f000, 0x0000017211e82000, 0x0000017211ecd800,
0x0000017211ecf800, 0x0000017211eda800, 0x0000017211ee5000, 0x0000017211ee9800,
0x0000017211eec000, 0x00000172120ab800, 0x00000172120b0000
}

Java Threads: ( => current thread )
=>0x000001726bc8e800 JavaThread "main" [_thread_in_native, id=17960, stack(0x0000005f65200000,0x0000005f65300000)]
  0x0000017211e6f000 JavaThread "Reference Handler" daemon [_thread_blocked, id=14624, stack(0x0000005f65f00000,0x0000005f66000000)]
  0x0000017211e82000 JavaThread "Finalizer" daemon [_thread_blocked, id=16292, stack(0x0000005f66000000,0x0000005f66100000)]
  0x0000017211ecd800 JavaThread "Signal Dispatcher" daemon [_thread_blocked, id=2868, stack(0x0000005f66100000,0x0000005f66200000)]
  0x0000017211ecf800 JavaThread "Attach Listener" daemon [_thread_blocked, id=14892, stack(0x0000005f66200000,0x0000005f66300000)]
  0x0000017211eda800 JavaThread "C2 CompilerThread0" daemon [_thread_blocked, id=13292, stack(0x0000005f66300000,0x0000005f66400000)]
  0x0000017211ee5000 JavaThread "C2 CompilerThread1" daemon [_thread_blocked, id=15992, stack(0x0000005f66400000,0x0000005f66500000)]
  0x0000017211ee9800 JavaThread "C1 CompilerThread2" daemon [_thread_blocked, id=13164, stack(0x0000005f66500000,0x0000005f66600000)]
  0x0000017211eec000 JavaThread "Sweeper thread" daemon [_thread_blocked, id=17988, stack(0x0000005f66600000,0x0000005f66700000)]
  0x00000172120ab800 JavaThread "Service Thread" daemon [_thread_blocked, id=13380, stack(0x0000005f66700000,0x0000005f66800000)]
  0x00000172120b0000 JavaThread "Common-Cleaner" daemon [_thread_blocked, id=13024, stack(0x0000005f66800000,0x0000005f66900000)]

Other Threads:
  0x0000017211e6b800 VMThread "VM Thread" [stack: 0x0000005f65e00000,0x0000005f65f00000] [id=14512]
  0x00000172120b1000 WatcherThread [stack: 0x0000005f66900000,0x0000005f66a00000] [id=14412]
  0x000001726bca6000 GCTaskThread "GC Thread#0" [stack: 0x0000005f65300000,0x0000005f65400000] [id=12320]
  0x000001726bca9000 GCTaskThread "GC Thread#1" [stack: 0x0000005f65400000,0x0000005f65500000] [id=15756]
  0x000001726bcad800 GCTaskThread "GC Thread#2" [stack: 0x0000005f65500000,0x0000005f65600000] [id=13112]
  0x000001726bcae800 GCTaskThread "GC Thread#3" [stack: 0x0000005f65600000,0x0000005f65700000] [id=1576]
  0x000001726bd4c800 ConcurrentGCThread "G1 Main Marker" [stack: 0x0000005f65700000,0x0000005f65800000] [id=18208]
  0x000001726bd55800 ConcurrentGCThread "G1 Conc#0" [stack: 0x0000005f65800000,0x0000005f65900000] [id=11788]
  0x00000172114f9000 ConcurrentGCThread "G1 Refine#0" [stack: 0x0000005f65900000,0x0000005f65a00000] [id=9048]
  0x00000172114fc000 ConcurrentGCThread "G1 Refine#1" [stack: 0x0000005f65a00000,0x0000005f65b00000] [id=2300]
  0x00000172114fd000 ConcurrentGCThread "G1 Refine#2" [stack: 0x0000005f65b00000,0x0000005f65c00000] [id=18424]
  0x00000172114fe000 ConcurrentGCThread "G1 Refine#3" [stack: 0x0000005f65c00000,0x0000005f65d00000] [id=3052]
  0x0000017211502000 ConcurrentGCThread "G1 Young RemSet Sampling" [stack: 0x0000005f65d00000,0x0000005f65e00000] [id=6308]

Threads with active compile tasks:

VM state:not at safepoint (normal execution)

VM Mutex/Monitor currently owned by a thread: None

Heap address: 0x0000000701a00000, size: 3046 MB, Compressed Oops mode: Zero based, Oop shift amount: 3
Narrow klass base: 0x0000000000000000, Narrow klass shift: 3
Compressed class space size: 1073741824 Address: 0x00000007c0000000

Heap:
 garbage-first heap   total 196608K, used 7168K [0x0000000701a00000, 0x00000007c0000000)
  region size 1024K, 8 young (8192K), 0 survivors (0K)
 Metaspace       used 8282K, capacity 8432K, committed 8704K, reserved 1056768K
  class space    used 668K, capacity 708K, committed 768K, reserved 1048576K
Heap Regions: E=young(eden), S=young(survivor), O=old, HS=humongous(starts), HC=humongous(continues), CS=collection set, F=free, A=archive, TS=gc time stamp, AC=allocation context, TAMS=top-at-mark-start (previous, next)
|   0|0x0000000701a00000, 0x0000000701a00000, 0x0000000701b00000|  0%| F|  |TS  0|AC  0|TAMS 0x0000000701a00000, 0x0000000701a00000|
|   1|0x0000000701b00000, 0x0000000701b00000, 0x0000000701c00000|  0%| F|  |TS  0|AC  0|TAMS 0x0000000701b00000, 0x0000000701b00000|
|   2|0x0000000701c00000, 0x0000000701c00000, 0x0000000701d00000|  0%| F|  |TS  0|AC  0|TAMS 0x0000000701c00000, 0x0000000701c00000|
|   3|0x0000000701d00000, 0x0000000701d00000, 0x0000000701e00000|  0%| F|  |TS  0|AC  0|TAMS 0x0000000701d00000, 0x0000000701d00000|
|   4|0x0000000701e00000, 0x0000000701e00000, 0x0000000701f00000|  0%| F|  |TS  0|AC  0|TAMS 0x0000000701e00000, 0x0000000701e00000|
|   5|0x0000000701f00000, 0x0000000701f00000, 0x0000000702000000|  0%| F|  |TS  0|AC  0|TAMS 0x0000000701f00000, 0x0000000701f00000|
|   6|0x0000000702000000, 0x0000000702000000, 0x0000000702100000|  0%| F|  |TS  0|AC  0|TAMS 0x0000000702000000, 0x0000000702000000|
|   7|0x0000000702100000, 0x0000000702100000, 0x0000000702200000|  0%| F|  |TS  0|AC  0|TAMS 0x0000000702100000, 0x0000000702100000|
|   8|0x0000000702200000, 0x0000000702200000, 0x0000000702300000|  0%| F|  |TS  0|AC  0|TAMS 0x0000000702200000, 0x0000000702200000|
|   9|0x0000000702300000, 0x0000000702300000, 0x0000000702400000|  0%| F|  |TS  0|AC  0|TAMS 0x0000000702300000, 0x0000000702300000|
|  10|0x0000000702400000, 0x0000000702400000, 0x0000000702500000|  0%| F|  |TS  0|AC  0|TAMS 0x0000000702400000, 0x0000000702400000|
|  11|0x0000000702500000, 0x0000000702500000, 0x0000000702600000|  0%| F|  |TS  0|AC  0|TAMS 0x0000000702500000, 0x0000000702500000|
|  12|0x0000000702600000, 0x0000000702600000, 0x0000000702700000|  0%| F|  |TS  0|AC  0|TAMS 0x0000000702600000, 0x0000000702600000|
|  13|0x0000000702700000, 0x0000000702700000, 0x0000000702800000|  0%| F|  |TS  0|AC  0|TAMS 0x0000000702700000, 0x0000000702700000|
|  14|0x0000000702800000, 0x0000000702800000, 0x0000000702900000|  0%| F|  |TS  0|AC  0|TAMS 0x0000000702800000, 0x0000000702800000|
|  15|0x0000000702900000, 0x0000000702900000, 0x0000000702a00000|  0%| F|  |TS  0|AC  0|TAMS 0x0000000702900000, 0x0000000702900000|
|  16|0x0000000702a00000, 0x0000000702a00000, 0x0000000702b00000|  0%| F|  |TS  0|AC  0|TAMS 0x0000000702a00000, 0x0000000702a00000|
|  17|0x0000000702b00000, 0x0000000702b00000, 0x0000000702c00000|  0%| F|  |TS  0|AC  0|TAMS 0x0000000702b00000, 0x0000000702b00000|
|  18|0x0000000702c00000, 0x0000000702c00000, 0x0000000702d00000|  0%| F|  |TS  0|AC  0|TAMS 0x0000000702c00000, 0x0000000702c00000|
|  19|0x0000000702d00000, 0x0000000702d00000, 0x0000000702e00000|  0%| F|  |TS  0|AC  0|TAMS 0x0000000702d00000, 0x0000000702d00000|
|  20|0x0000000702e00000, 0x0000000702e00000, 0x0000000702f00000|  0%| F|  |TS  0|AC  0|TAMS 0x0000000702e00000, 0x0000000702e00000|
|  21|0x0000000702f00000, 0x0000000702f00000, 0x0000000703000000|  0%| F|  |TS  0|AC  0|TAMS 0x0000000702f00000, 0x0000000702f00000|
|  22|0x0000000703000000, 0x0000000703000000, 0x0000000703100000|  0%| F|  |TS  0|AC  0|TAMS 0x0000000703000000, 0x0000000703000000|
|  23|0x0000000703100000, 0x0000000703100000, 0x0000000703200000|  0%| F|  |TS  0|AC  0|TAMS 0x0000000703100000, 0x0000000703100000|
|  24|0x0000000703200000, 0x0000000703200000, 0x0000000703300000|  0%| F|  |TS  0|AC  0|TAMS 0x0000000703200000, 0x0000000703200000|
|  25|0x0000000703300000, 0x0000000703300000, 0x0000000703400000|  0%| F|  |TS  0|AC  0|TAMS 0x0000000703300000, 0x0000000703300000|
|  26|0x0000000703400000, 0x0000000703400000, 0x0000000703500000|  0%| F|  |TS  0|AC  0|TAMS 0x0000000703400000, 0x0000000703400000|
|  27|0x0000000703500000, 0x0000000703500000, 0x0000000703600000|  0%| F|  |TS  0|AC  0|TAMS 0x0000000703500000, 0x0000000703500000|
|  28|0x0000000703600000, 0x0000000703600000, 0x0000000703700000|  0%| F|  |TS  0|AC  0|TAMS 0x0000000703600000, 0x0000000703600000|
|  29|0x0000000703700000, 0x0000000703700000, 0x0000000703800000|  0%| F|  |TS  0|AC  0|TAMS 0x0000000703700000, 0x0000000703700000|
|  30|0x0000000703800000, 0x0000000703800000, 0x0000000703900000|  0%| F|  |TS  0|AC  0|TAMS 0x0000000703800000, 0x0000000703800000|
|  31|0x0000000703900000, 0x0000000703900000, 0x0000000703a00000|  0%| F|  |TS  0|AC  0|TAMS 0x0000000703900000, 0x0000000703900000|
|  32|0x0000000703a00000, 0x0000000703a00000, 0x0000000703b00000|  0%| F|  |TS  0|AC  0|TAMS 0x0000000703a00000, 0x0000000703a00000|
|  33|0x0000000703b00000, 0x0000000703b00000, 0x0000000703c00000|  0%| F|  |TS  0|AC  0|TAMS 0x0000000703b00000, 0x0000000703b00000|
|  34|0x0000000703c00000, 0x0000000703c00000, 0x0000000703d00000|  0%| F|  |TS  0|AC  0|TAMS 0x0000000703c00000, 0x0000000703c00000|
|  35|0x0000000703d00000, 0x0000000703d00000, 0x0000000703e00000|  0%| F|  |TS  0|AC  0|TAMS 0x0000000703d00000, 0x0000000703d00000|
|  36|0x0000000703e00000, 0x0000000703e00000, 0x0000000703f00000|  0%| F|  |TS  0|AC  0|TAMS 0x0000000703e00000, 0x0000000703e00000|
|  37|0x0000000703f00000, 0x0000000703f00000, 0x0000000704000000|  0%| F|  |TS  0|AC  0|TAMS 0x0000000703f00000, 0x0000000703f00000|
|  38|0x0000000704000000, 0x0000000704000000, 0x0000000704100000|  0%| F|  |TS  0|AC  0|TAMS 0x0000000704000000, 0x0000000704000000|
|  39|0x0000000704100000, 0x0000000704100000, 0x0000000704200000|  0%| F|  |TS  0|AC  0|TAMS 0x0000000704100000, 0x0000000704100000|
|  40|0x0000000704200000, 0x0000000704200000, 0x0000000704300000|  0%| F|  |TS  0|AC  0|TAMS 0x0000000704200000, 0x0000000704200000|
|  41|0x0000000704300000, 0x0000000704300000, 0x0000000704400000|  0%| F|  |TS  0|AC  0|TAMS 0x0000000704300000, 0x0000000704300000|
|  42|0x0000000704400000, 0x0000000704400000, 0x0000000704500000|  0%| F|  |TS  0|AC  0|TAMS 0x0000000704400000, 0x0000000704400000|
|  43|0x0000000704500000, 0x0000000704500000, 0x0000000704600000|  0%| F|  |TS  0|AC  0|TAMS 0x0000000704500000, 0x0000000704500000|
|  44|0x0000000704600000, 0x0000000704600000, 0x0000000704700000|  0%| F|  |TS  0|AC  0|TAMS 0x0000000704600000, 0x0000000704600000|
|  45|0x0000000704700000, 0x0000000704700000, 0x0000000704800000|  0%| F|  |TS  0|AC  0|TAMS 0x0000000704700000, 0x0000000704700000|
|  46|0x0000000704800000, 0x0000000704800000, 0x0000000704900000|  0%| F|  |TS  0|AC  0|TAMS 0x0000000704800000, 0x0000000704800000|
|  47|0x0000000704900000, 0x0000000704900000, 0x0000000704a00000|  0%| F|  |TS  0|AC  0|TAMS 0x0000000704900000, 0x0000000704900000|
|  48|0x0000000704a00000, 0x0000000704a00000, 0x0000000704b00000|  0%| F|  |TS  0|AC  0|TAMS 0x0000000704a00000, 0x0000000704a00000|
|  49|0x0000000704b00000, 0x0000000704b00000, 0x0000000704c00000|  0%| F|  |TS  0|AC  0|TAMS 0x0000000704b00000, 0x0000000704b00000|
|  50|0x0000000704c00000, 0x0000000704c00000, 0x0000000704d00000|  0%| F|  |TS  0|AC  0|TAMS 0x0000000704c00000, 0x0000000704c00000|
|  51|0x0000000704d00000, 0x0000000704d00000, 0x0000000704e00000|  0%| F|  |TS  0|AC  0|TAMS 0x0000000704d00000, 0x0000000704d00000|
|  52|0x0000000704e00000, 0x0000000704e00000, 0x0000000704f00000|  0%| F|  |TS  0|AC  0|TAMS 0x0000000704e00000, 0x0000000704e00000|
|  53|0x0000000704f00000, 0x0000000704f00000, 0x0000000705000000|  0%| F|  |TS  0|AC  0|TAMS 0x0000000704f00000, 0x0000000704f00000|
|  54|0x0000000705000000, 0x0000000705000000, 0x0000000705100000|  0%| F|  |TS  0|AC  0|TAMS 0x0000000705000000, 0x0000000705000000|
|  55|0x0000000705100000, 0x0000000705100000, 0x0000000705200000|  0%| F|  |TS  0|AC  0|TAMS 0x0000000705100000, 0x0000000705100000|
|  56|0x0000000705200000, 0x0000000705200000, 0x0000000705300000|  0%| F|  |TS  0|AC  0|TAMS 0x0000000705200000, 0x0000000705200000|
|  57|0x0000000705300000, 0x0000000705300000, 0x0000000705400000|  0%| F|  |TS  0|AC  0|TAMS 0x0000000705300000, 0x0000000705300000|
|  58|0x0000000705400000, 0x0000000705400000, 0x0000000705500000|  0%| F|  |TS  0|AC  0|TAMS 0x0000000705400000, 0x0000000705400000|
|  59|0x0000000705500000, 0x0000000705500000, 0x0000000705600000|  0%| F|  |TS  0|AC  0|TAMS 0x0000000705500000, 0x0000000705500000|
|  60|0x0000000705600000, 0x0000000705600000, 0x0000000705700000|  0%| F|  |TS  0|AC  0|TAMS 0x0000000705600000, 0x0000000705600000|
|  61|0x0000000705700000, 0x0000000705700000, 0x0000000705800000|  0%| F|  |TS  0|AC  0|TAMS 0x0000000705700000, 0x0000000705700000|
|  62|0x0000000705800000, 0x0000000705800000, 0x0000000705900000|  0%| F|  |TS  0|AC  0|TAMS 0x0000000705800000, 0x0000000705800000|
|  63|0x0000000705900000, 0x0000000705900000, 0x0000000705a00000|  0%| F|  |TS  0|AC  0|TAMS 0x0000000705900000, 0x0000000705900000|
|  64|0x0000000705a00000, 0x0000000705a00000, 0x0000000705b00000|  0%| F|  |TS  0|AC  0|TAMS 0x0000000705a00000, 0x0000000705a00000|
|  65|0x0000000705b00000, 0x0000000705b00000, 0x0000000705c00000|  0%| F|  |TS  0|AC  0|TAMS 0x0000000705b00000, 0x0000000705b00000|
|  66|0x0000000705c00000, 0x0000000705c00000, 0x0000000705d00000|  0%| F|  |TS  0|AC  0|TAMS 0x0000000705c00000, 0x0000000705c00000|
|  67|0x0000000705d00000, 0x0000000705d00000, 0x0000000705e00000|  0%| F|  |TS  0|AC  0|TAMS 0x0000000705d00000, 0x0000000705d00000|
|  68|0x0000000705e00000, 0x0000000705e00000, 0x0000000705f00000|  0%| F|  |TS  0|AC  0|TAMS 0x0000000705e00000, 0x0000000705e00000|
|  69|0x0000000705f00000, 0x0000000705f00000, 0x0000000706000000|  0%| F|  |TS  0|AC  0|TAMS 0x0000000705f00000, 0x0000000705f00000|
|  70|0x0000000706000000, 0x0000000706000000, 0x0000000706100000|  0%| F|  |TS  0|AC  0|TAMS 0x0000000706000000, 0x0000000706000000|
|  71|0x0000000706100000, 0x0000000706100000, 0x0000000706200000|  0%| F|  |TS  0|AC  0|TAMS 0x0000000706100000, 0x0000000706100000|
|  72|0x0000000706200000, 0x0000000706200000, 0x0000000706300000|  0%| F|  |TS  0|AC  0|TAMS 0x0000000706200000, 0x0000000706200000|
|  73|0x0000000706300000, 0x0000000706300000, 0x0000000706400000|  0%| F|  |TS  0|AC  0|TAMS 0x0000000706300000, 0x0000000706300000|
|  74|0x0000000706400000, 0x0000000706400000, 0x0000000706500000|  0%| F|  |TS  0|AC  0|TAMS 0x0000000706400000, 0x0000000706400000|
|  75|0x0000000706500000, 0x0000000706500000, 0x0000000706600000|  0%| F|  |TS  0|AC  0|TAMS 0x0000000706500000, 0x0000000706500000|
|  76|0x0000000706600000, 0x0000000706600000, 0x0000000706700000|  0%| F|  |TS  0|AC  0|TAMS 0x0000000706600000, 0x0000000706600000|
|  77|0x0000000706700000, 0x0000000706700000, 0x0000000706800000|  0%| F|  |TS  0|AC  0|TAMS 0x0000000706700000, 0x0000000706700000|
|  78|0x0000000706800000, 0x0000000706800000, 0x0000000706900000|  0%| F|  |TS  0|AC  0|TAMS 0x0000000706800000, 0x0000000706800000|
|  79|0x0000000706900000, 0x0000000706900000, 0x0000000706a00000|  0%| F|  |TS  0|AC  0|TAMS 0x0000000706900000, 0x0000000706900000|
|  80|0x0000000706a00000, 0x0000000706a00000, 0x0000000706b00000|  0%| F|  |TS  0|AC  0|TAMS 0x0000000706a00000, 0x0000000706a00000|
|  81|0x0000000706b00000, 0x0000000706b00000, 0x0000000706c00000|  0%| F|  |TS  0|AC  0|TAMS 0x0000000706b00000, 0x0000000706b00000|
|  82|0x0000000706c00000, 0x0000000706c00000, 0x0000000706d00000|  0%| F|  |TS  0|AC  0|TAMS 0x0000000706c00000, 0x0000000706c00000|
|  83|0x0000000706d00000, 0x0000000706d00000, 0x0000000706e00000|  0%| F|  |TS  0|AC  0|TAMS 0x0000000706d00000, 0x0000000706d00000|
|  84|0x0000000706e00000, 0x0000000706e00000, 0x0000000706f00000|  0%| F|  |TS  0|AC  0|TAMS 0x0000000706e00000, 0x0000000706e00000|
|  85|0x0000000706f00000, 0x0000000706f00000, 0x0000000707000000|  0%| F|  |TS  0|AC  0|TAMS 0x0000000706f00000, 0x0000000706f00000|
|  86|0x0000000707000000, 0x0000000707000000, 0x0000000707100000|  0%| F|  |TS  0|AC  0|TAMS 0x0000000707000000, 0x0000000707000000|
|  87|0x0000000707100000, 0x0000000707100000, 0x0000000707200000|  0%| F|  |TS  0|AC  0|TAMS 0x0000000707100000, 0x0000000707100000|
|  88|0x0000000707200000, 0x0000000707200000, 0x0000000707300000|  0%| F|  |TS  0|AC  0|TAMS 0x0000000707200000, 0x0000000707200000|
|  89|0x0000000707300000, 0x0000000707300000, 0x0000000707400000|  0%| F|  |TS  0|AC  0|TAMS 0x0000000707300000, 0x0000000707300000|
|  90|0x0000000707400000, 0x0000000707400000, 0x0000000707500000|  0%| F|  |TS  0|AC  0|TAMS 0x0000000707400000, 0x0000000707400000|
|  91|0x0000000707500000, 0x0000000707500000, 0x0000000707600000|  0%| F|  |TS  0|AC  0|TAMS 0x0000000707500000, 0x0000000707500000|
|  92|0x0000000707600000, 0x0000000707600000, 0x0000000707700000|  0%| F|  |TS  0|AC  0|TAMS 0x0000000707600000, 0x0000000707600000|
|  93|0x0000000707700000, 0x0000000707700000, 0x0000000707800000|  0%| F|  |TS  0|AC  0|TAMS 0x0000000707700000, 0x0000000707700000|
|  94|0x0000000707800000, 0x0000000707800000, 0x0000000707900000|  0%| F|  |TS  0|AC  0|TAMS 0x0000000707800000, 0x0000000707800000|
|  95|0x0000000707900000, 0x0000000707900000, 0x0000000707a00000|  0%| F|  |TS  0|AC  0|TAMS 0x0000000707900000, 0x0000000707900000|
|  96|0x0000000707a00000, 0x0000000707a00000, 0x0000000707b00000|  0%| F|  |TS  0|AC  0|TAMS 0x0000000707a00000, 0x0000000707a00000|
|  97|0x0000000707b00000, 0x0000000707b00000, 0x0000000707c00000|  0%| F|  |TS  0|AC  0|TAMS 0x0000000707b00000, 0x0000000707b00000|
|  98|0x0000000707c00000, 0x0000000707c00000, 0x0000000707d00000|  0%| F|  |TS  0|AC  0|TAMS 0x0000000707c00000, 0x0000000707c00000|
|  99|0x0000000707d00000, 0x0000000707d00000, 0x0000000707e00000|  0%| F|  |TS  0|AC  0|TAMS 0x0000000707d00000, 0x0000000707d00000|
| 100|0x0000000707e00000, 0x0000000707e00000, 0x0000000707f00000|  0%| F|  |TS  0|AC  0|TAMS 0x0000000707e00000, 0x0000000707e00000|
| 101|0x0000000707f00000, 0x0000000707f00000, 0x0000000708000000|  0%| F|  |TS  0|AC  0|TAMS 0x0000000707f00000, 0x0000000707f00000|
| 102|0x0000000708000000, 0x0000000708000000, 0x0000000708100000|  0%| F|  |TS  0|AC  0|TAMS 0x0000000708000000, 0x0000000708000000|
| 103|0x0000000708100000, 0x0000000708100000, 0x0000000708200000|  0%| F|  |TS  0|AC  0|TAMS 0x0000000708100000, 0x0000000708100000|
| 104|0x0000000708200000, 0x0000000708200000, 0x0000000708300000|  0%| F|  |TS  0|AC  0|TAMS 0x0000000708200000, 0x0000000708200000|
| 105|0x0000000708300000, 0x0000000708300000, 0x0000000708400000|  0%| F|  |TS  0|AC  0|TAMS 0x0000000708300000, 0x0000000708300000|
| 106|0x0000000708400000, 0x0000000708400000, 0x0000000708500000|  0%| F|  |TS  0|AC  0|TAMS 0x0000000708400000, 0x0000000708400000|
| 107|0x0000000708500000, 0x0000000708500000, 0x0000000708600000|  0%| F|  |TS  0|AC  0|TAMS 0x0000000708500000, 0x0000000708500000|
| 108|0x0000000708600000, 0x0000000708600000, 0x0000000708700000|  0%| F|  |TS  0|AC  0|TAMS 0x0000000708600000, 0x0000000708600000|
| 109|0x0000000708700000, 0x0000000708700000, 0x0000000708800000|  0%| F|  |TS  0|AC  0|TAMS 0x0000000708700000, 0x0000000708700000|
| 110|0x0000000708800000, 0x0000000708800000, 0x0000000708900000|  0%| F|  |TS  0|AC  0|TAMS 0x0000000708800000, 0x0000000708800000|
| 111|0x0000000708900000, 0x0000000708900000, 0x0000000708a00000|  0%| F|  |TS  0|AC  0|TAMS 0x0000000708900000, 0x0000000708900000|
| 112|0x0000000708a00000, 0x0000000708a00000, 0x0000000708b00000|  0%| F|  |TS  0|AC  0|TAMS 0x0000000708a00000, 0x0000000708a00000|
| 113|0x0000000708b00000, 0x0000000708b00000, 0x0000000708c00000|  0%| F|  |TS  0|AC  0|TAMS 0x0000000708b00000, 0x0000000708b00000|
| 114|0x0000000708c00000, 0x0000000708c00000, 0x0000000708d00000|  0%| F|  |TS  0|AC  0|TAMS 0x0000000708c00000, 0x0000000708c00000|
| 115|0x0000000708d00000, 0x0000000708d00000, 0x0000000708e00000|  0%| F|  |TS  0|AC  0|TAMS 0x0000000708d00000, 0x0000000708d00000|
| 116|0x0000000708e00000, 0x0000000708e00000, 0x0000000708f00000|  0%| F|  |TS  0|AC  0|TAMS 0x0000000708e00000, 0x0000000708e00000|
| 117|0x0000000708f00000, 0x0000000708f00000, 0x0000000709000000|  0%| F|  |TS  0|AC  0|TAMS 0x0000000708f00000, 0x0000000708f00000|
| 118|0x0000000709000000, 0x0000000709000000, 0x0000000709100000|  0%| F|  |TS  0|AC  0|TAMS 0x0000000709000000, 0x0000000709000000|
| 119|0x0000000709100000, 0x0000000709100000, 0x0000000709200000|  0%| F|  |TS  0|AC  0|TAMS 0x0000000709100000, 0x0000000709100000|
| 120|0x0000000709200000, 0x0000000709200000, 0x0000000709300000|  0%| F|  |TS  0|AC  0|TAMS 0x0000000709200000, 0x0000000709200000|
| 121|0x0000000709300000, 0x0000000709300000, 0x0000000709400000|  0%| F|  |TS  0|AC  0|TAMS 0x0000000709300000, 0x0000000709300000|
| 122|0x0000000709400000, 0x0000000709400000, 0x0000000709500000|  0%| F|  |TS  0|AC  0|TAMS 0x0000000709400000, 0x0000000709400000|
| 123|0x0000000709500000, 0x0000000709500000, 0x0000000709600000|  0%| F|  |TS  0|AC  0|TAMS 0x0000000709500000, 0x0000000709500000|
| 124|0x0000000709600000, 0x0000000709600000, 0x0000000709700000|  0%| F|  |TS  0|AC  0|TAMS 0x0000000709600000, 0x0000000709600000|
| 125|0x0000000709700000, 0x0000000709700000, 0x0000000709800000|  0%| F|  |TS  0|AC  0|TAMS 0x0000000709700000, 0x0000000709700000|
| 126|0x0000000709800000, 0x0000000709800000, 0x0000000709900000|  0%| F|  |TS  0|AC  0|TAMS 0x0000000709800000, 0x0000000709800000|
| 127|0x0000000709900000, 0x0000000709900000, 0x0000000709a00000|  0%| F|  |TS  0|AC  0|TAMS 0x0000000709900000, 0x0000000709900000|
| 128|0x0000000709a00000, 0x0000000709a00000, 0x0000000709b00000|  0%| F|  |TS  0|AC  0|TAMS 0x0000000709a00000, 0x0000000709a00000|
| 129|0x0000000709b00000, 0x0000000709b00000, 0x0000000709c00000|  0%| F|  |TS  0|AC  0|TAMS 0x0000000709b00000, 0x0000000709b00000|
| 130|0x0000000709c00000, 0x0000000709c00000, 0x0000000709d00000|  0%| F|  |TS  0|AC  0|TAMS 0x0000000709c00000, 0x0000000709c00000|
| 131|0x0000000709d00000, 0x0000000709d00000, 0x0000000709e00000|  0%| F|  |TS  0|AC  0|TAMS 0x0000000709d00000, 0x0000000709d00000|
| 132|0x0000000709e00000, 0x0000000709e00000, 0x0000000709f00000|  0%| F|  |TS  0|AC  0|TAMS 0x0000000709e00000, 0x0000000709e00000|
| 133|0x0000000709f00000, 0x0000000709f00000, 0x000000070a000000|  0%| F|  |TS  0|AC  0|TAMS 0x0000000709f00000, 0x0000000709f00000|
| 134|0x000000070a000000, 0x000000070a000000, 0x000000070a100000|  0%| F|  |TS  0|AC  0|TAMS 0x000000070a000000, 0x000000070a000000|
| 135|0x000000070a100000, 0x000000070a100000, 0x000000070a200000|  0%| F|  |TS  0|AC  0|TAMS 0x000000070a100000, 0x000000070a100000|
| 136|0x000000070a200000, 0x000000070a200000, 0x000000070a300000|  0%| F|  |TS  0|AC  0|TAMS 0x000000070a200000, 0x000000070a200000|
| 137|0x000000070a300000, 0x000000070a300000, 0x000000070a400000|  0%| F|  |TS  0|AC  0|TAMS 0x000000070a300000, 0x000000070a300000|
| 138|0x000000070a400000, 0x000000070a400000, 0x000000070a500000|  0%| F|  |TS  0|AC  0|TAMS 0x000000070a400000, 0x000000070a400000|
| 139|0x000000070a500000, 0x000000070a500000, 0x000000070a600000|  0%| F|  |TS  0|AC  0|TAMS 0x000000070a500000, 0x000000070a500000|
| 140|0x000000070a600000, 0x000000070a600000, 0x000000070a700000|  0%| F|  |TS  0|AC  0|TAMS 0x000000070a600000, 0x000000070a600000|
| 141|0x000000070a700000, 0x000000070a700000, 0x000000070a800000|  0%| F|  |TS  0|AC  0|TAMS 0x000000070a700000, 0x000000070a700000|
| 142|0x000000070a800000, 0x000000070a800000, 0x000000070a900000|  0%| F|  |TS  0|AC  0|TAMS 0x000000070a800000, 0x000000070a800000|
| 143|0x000000070a900000, 0x000000070a900000, 0x000000070aa00000|  0%| F|  |TS  0|AC  0|TAMS 0x000000070a900000, 0x000000070a900000|
| 144|0x000000070aa00000, 0x000000070aa00000, 0x000000070ab00000|  0%| F|  |TS  0|AC  0|TAMS 0x000000070aa00000, 0x000000070aa00000|
| 145|0x000000070ab00000, 0x000000070ab00000, 0x000000070ac00000|  0%| F|  |TS  0|AC  0|TAMS 0x000000070ab00000, 0x000000070ab00000|
| 146|0x000000070ac00000, 0x000000070ac00000, 0x000000070ad00000|  0%| F|  |TS  0|AC  0|TAMS 0x000000070ac00000, 0x000000070ac00000|
| 147|0x000000070ad00000, 0x000000070ad00000, 0x000000070ae00000|  0%| F|  |TS  0|AC  0|TAMS 0x000000070ad00000, 0x000000070ad00000|
| 148|0x000000070ae00000, 0x000000070ae00000, 0x000000070af00000|  0%| F|  |TS  0|AC  0|TAMS 0x000000070ae00000, 0x000000070ae00000|
| 149|0x000000070af00000, 0x000000070af00000, 0x000000070b000000|  0%| F|  |TS  0|AC  0|TAMS 0x000000070af00000, 0x000000070af00000|
| 150|0x000000070b000000, 0x000000070b000000, 0x000000070b100000|  0%| F|  |TS  0|AC  0|TAMS 0x000000070b000000, 0x000000070b000000|
| 151|0x000000070b100000, 0x000000070b100000, 0x000000070b200000|  0%| F|  |TS  0|AC  0|TAMS 0x000000070b100000, 0x000000070b100000|
| 152|0x000000070b200000, 0x000000070b200000, 0x000000070b300000|  0%| F|  |TS  0|AC  0|TAMS 0x000000070b200000, 0x000000070b200000|
| 153|0x000000070b300000, 0x000000070b300000, 0x000000070b400000|  0%| F|  |TS  0|AC  0|TAMS 0x000000070b300000, 0x000000070b300000|
| 154|0x000000070b400000, 0x000000070b400000, 0x000000070b500000|  0%| F|  |TS  0|AC  0|TAMS 0x000000070b400000, 0x000000070b400000|
| 155|0x000000070b500000, 0x000000070b500000, 0x000000070b600000|  0%| F|  |TS  0|AC  0|TAMS 0x000000070b500000, 0x000000070b500000|
| 156|0x000000070b600000, 0x000000070b600000, 0x000000070b700000|  0%| F|  |TS  0|AC  0|TAMS 0x000000070b600000, 0x000000070b600000|
| 157|0x000000070b700000, 0x000000070b700000, 0x000000070b800000|  0%| F|  |TS  0|AC  0|TAMS 0x000000070b700000, 0x000000070b700000|
| 158|0x000000070b800000, 0x000000070b800000, 0x000000070b900000|  0%| F|  |TS  0|AC  0|TAMS 0x000000070b800000, 0x000000070b800000|
| 159|0x000000070b900000, 0x000000070b900000, 0x000000070ba00000|  0%| F|  |TS  0|AC  0|TAMS 0x000000070b900000, 0x000000070b900000|
| 160|0x000000070ba00000, 0x000000070ba00000, 0x000000070bb00000|  0%| F|  |TS  0|AC  0|TAMS 0x000000070ba00000, 0x000000070ba00000|
| 161|0x000000070bb00000, 0x000000070bb00000, 0x000000070bc00000|  0%| F|  |TS  0|AC  0|TAMS 0x000000070bb00000, 0x000000070bb00000|
| 162|0x000000070bc00000, 0x000000070bc00000, 0x000000070bd00000|  0%| F|  |TS  0|AC  0|TAMS 0x000000070bc00000, 0x000000070bc00000|
| 163|0x000000070bd00000, 0x000000070bd00000, 0x000000070be00000|  0%| F|  |TS  0|AC  0|TAMS 0x000000070bd00000, 0x000000070bd00000|
| 164|0x000000070be00000, 0x000000070be00000, 0x000000070bf00000|  0%| F|  |TS  0|AC  0|TAMS 0x000000070be00000, 0x000000070be00000|
| 165|0x000000070bf00000, 0x000000070bf00000, 0x000000070c000000|  0%| F|  |TS  0|AC  0|TAMS 0x000000070bf00000, 0x000000070bf00000|
| 166|0x000000070c000000, 0x000000070c000000, 0x000000070c100000|  0%| F|  |TS  0|AC  0|TAMS 0x000000070c000000, 0x000000070c000000|
| 167|0x000000070c100000, 0x000000070c100000, 0x000000070c200000|  0%| F|  |TS  0|AC  0|TAMS 0x000000070c100000, 0x000000070c100000|
| 168|0x000000070c200000, 0x000000070c200000, 0x000000070c300000|  0%| F|  |TS  0|AC  0|TAMS 0x000000070c200000, 0x000000070c200000|
| 169|0x000000070c300000, 0x000000070c300000, 0x000000070c400000|  0%| F|  |TS  0|AC  0|TAMS 0x000000070c300000, 0x000000070c300000|
| 170|0x000000070c400000, 0x000000070c400000, 0x000000070c500000|  0%| F|  |TS  0|AC  0|TAMS 0x000000070c400000, 0x000000070c400000|
| 171|0x000000070c500000, 0x000000070c500000, 0x000000070c600000|  0%| F|  |TS  0|AC  0|TAMS 0x000000070c500000, 0x000000070c500000|
| 172|0x000000070c600000, 0x000000070c600000, 0x000000070c700000|  0%| F|  |TS  0|AC  0|TAMS 0x000000070c600000, 0x000000070c600000|
| 173|0x000000070c700000, 0x000000070c700000, 0x000000070c800000|  0%| F|  |TS  0|AC  0|TAMS 0x000000070c700000, 0x000000070c700000|
| 174|0x000000070c800000, 0x000000070c800000, 0x000000070c900000|  0%| F|  |TS  0|AC  0|TAMS 0x000000070c800000, 0x000000070c800000|
| 175|0x000000070c900000, 0x000000070c900000, 0x000000070ca00000|  0%| F|  |TS  0|AC  0|TAMS 0x000000070c900000, 0x000000070c900000|
| 176|0x000000070ca00000, 0x000000070ca00000, 0x000000070cb00000|  0%| F|  |TS  0|AC  0|TAMS 0x000000070ca00000, 0x000000070ca00000|
| 177|0x000000070cb00000, 0x000000070cb00000, 0x000000070cc00000|  0%| F|  |TS  0|AC  0|TAMS 0x000000070cb00000, 0x000000070cb00000|
| 178|0x000000070cc00000, 0x000000070cc00000, 0x000000070cd00000|  0%| F|  |TS  0|AC  0|TAMS 0x000000070cc00000, 0x000000070cc00000|
| 179|0x000000070cd00000, 0x000000070cd00000, 0x000000070ce00000|  0%| F|  |TS  0|AC  0|TAMS 0x000000070cd00000, 0x000000070cd00000|
| 180|0x000000070ce00000, 0x000000070ce00000, 0x000000070cf00000|  0%| F|  |TS  0|AC  0|TAMS 0x000000070ce00000, 0x000000070ce00000|
| 181|0x000000070cf00000, 0x000000070cf00000, 0x000000070d000000|  0%| F|  |TS  0|AC  0|TAMS 0x000000070cf00000, 0x000000070cf00000|
| 182|0x000000070d000000, 0x000000070d000000, 0x000000070d100000|  0%| F|  |TS  0|AC  0|TAMS 0x000000070d000000, 0x000000070d000000|
| 183|0x000000070d100000, 0x000000070d100000, 0x000000070d200000|  0%| F|  |TS  0|AC  0|TAMS 0x000000070d100000, 0x000000070d100000|
| 184|0x000000070d200000, 0x000000070d2f0c68, 0x000000070d300000| 94%| E|  |TS  0|AC  0|TAMS 0x000000070d200000, 0x000000070d200000|
| 185|0x000000070d300000, 0x000000070d400000, 0x000000070d400000|100%| E|CS|TS  0|AC  0|TAMS 0x000000070d300000, 0x000000070d300000|
| 186|0x000000070d400000, 0x000000070d500000, 0x000000070d500000|100%| E|CS|TS  0|AC  0|TAMS 0x000000070d400000, 0x000000070d400000|
| 187|0x000000070d500000, 0x000000070d600000, 0x000000070d600000|100%| E|CS|TS  0|AC  0|TAMS 0x000000070d500000, 0x000000070d500000|
| 188|0x000000070d600000, 0x000000070d700000, 0x000000070d700000|100%| E|CS|TS  0|AC  0|TAMS 0x000000070d600000, 0x000000070d600000|
| 189|0x000000070d700000, 0x000000070d800000, 0x000000070d800000|100%| E|CS|TS  0|AC  0|TAMS 0x000000070d700000, 0x000000070d700000|
| 190|0x000000070d800000, 0x000000070d900000, 0x000000070d900000|100%| E|CS|TS  0|AC  0|TAMS 0x000000070d800000, 0x000000070d800000|
| 191|0x000000070d900000, 0x000000070da00000, 0x000000070da00000|100%| E|CS|TS  0|AC  0|TAMS 0x000000070d900000, 0x000000070d900000|

Card table byte_map: [0x00000172793a0000,0x00000172799a0000] byte_map_base: 0x0000017275b93000

Marking Bits (Prev, Next): (CMBitMap*) 0x000001726bd4baf0, (CMBitMap*) 0x000001726bd4bb28
 Prev Bits: [0x0000017279fa0000, 0x000001727cf38000)
 Next Bits: [0x000001727cf40000, 0x000001727fed8000)

Polling page: 0x000001726bc40000

CodeHeap 'non-profiled nmethods': size=120064Kb used=194Kb max_used=194Kb free=119869Kb
 bounds [0x0000017207ac0000, 0x0000017207d30000, 0x000001720f000000]
CodeHeap 'profiled nmethods': size=120000Kb used=944Kb max_used=944Kb free=119055Kb
 bounds [0x0000017200590000, 0x0000017200800000, 0x0000017207ac0000]
CodeHeap 'non-nmethods': size=5696Kb used=1361Kb max_used=1376Kb free=4334Kb
 bounds [0x0000017200000000, 0x0000017200270000, 0x0000017200590000]
 total_blobs=1587 nmethods=624 adapters=732
 compilation: enabled

Compilation events (10 events):
Event: 0.420 Thread 0x0000017211ee9800  619       3       jdk.internal.reflect.Reflection::verifyModuleAccess (24 bytes)
Event: 0.421 Thread 0x0000017211ee9800 nmethod 619 0x0000017200676c90 code [0x0000017200676ea0, 0x0000017200677400]
Event: 0.421 Thread 0x0000017211ee9800  624       3       sun.misc.Unsafe::putInt (11 bytes)
Event: 0.421 Thread 0x0000017211ee9800 nmethod 624 0x0000017200677610 code [0x00000172006777c0, 0x0000017200677918]
Event: 0.421 Thread 0x0000017211ee9800  620   !   3       jdk.internal.loader.URLClassPath$JarLoader::getResource (353 bytes)
Event: 0.424 Thread 0x0000017211ee9800 nmethod 620 0x0000017200677990 code [0x0000017200677e40, 0x0000017200679fb0]
Event: 0.424 Thread 0x0000017211ee9800  621       3       jdk.internal.util.jar.JarIndex::get (49 bytes)
Event: 0.424 Thread 0x0000017211ee9800 nmethod 621 0x000001720067b310 code [0x000001720067b560, 0x000001720067be90]
Event: 0.424 Thread 0x0000017211ee9800  625       1       org.lwjgl.system.Pointer$Default::address (5 bytes)
Event: 0.425 Thread 0x0000017211ee9800 nmethod 625 0x0000017207af0790 code [0x0000017207af0940, 0x0000017207af0a58]

GC Heap History (0 events):
No events

Deoptimization events (2 events):
Event: 0.123 Thread 0x000001726bc8e800 Uncommon trap: reason=unstable_if action=reinterpret pc=0x0000017207ac4398 method=java.lang.String.hashCode()I @ 14 c2
Event: 0.133 Thread 0x000001726bc8e800 Uncommon trap: reason=unstable_if action=reinterpret pc=0x0000017207ac2010 method=java.lang.String.isLatin1()Z @ 10 c2

Classes redefined (0 events):
No events

Internal exceptions (10 events):
Event: 0.186 Thread 0x000001726bc8e800 Exception <a 'java/lang/NoSuchMethodError'{0x000000070d711400}: method resolution failed> (0x000000070d711400) thrown at [t:/workspace/open/src/hotspot/share/prims/methodHandles.cpp, line 1184]
Event: 0.193 Thread 0x000001726bc8e800 Exception <a 'java/lang/NoSuchMethodError'{0x000000070d740378}: java.lang.Object.lambda$static$0(Ljava/lang/String;)Ljava/lang/Boolean;> (0x000000070d740378) thrown at [t:/workspace/open/src/hotspot/share/interpreter/linkResolver.cpp, line 741]
Event: 0.218 Thread 0x000001726bc8e800 Exception <a 'java/lang/NoSuchMethodError'{0x000000070d7f4a50}: java.lang.Object.lambda$union$2(Ljava/util/regex/Pattern$CharPredicate;I)Z> (0x000000070d7f4a50) thrown at [t:/workspace/open/src/hotspot/share/interpreter/linkResolver.cpp, line 741]
Event: 0.220 Thread 0x000001726bc8e800 Exception <a 'java/lang/NoSuchMethodError'{0x000000070d6072a8}: java.lang.invoke.DirectMethodHandle$Holder.invokeStatic(Ljava/lang/Object;Ljava/lang/Object;)I> (0x000000070d6072a8) thrown at [t:/workspace/open/src/hotspot/share/interpreter/linkResolver.cp
Event: 0.223 Thread 0x000001726bc8e800 Exception <a 'java/lang/NoSuchMethodError'{0x000000070d618c28}: method resolution failed> (0x000000070d618c28) thrown at [t:/workspace/open/src/hotspot/share/prims/methodHandles.cpp, line 1184]
Event: 0.223 Thread 0x000001726bc8e800 Exception <a 'java/lang/NoSuchMethodError'{0x000000070d61c828}: method resolution failed> (0x000000070d61c828) thrown at [t:/workspace/open/src/hotspot/share/prims/methodHandles.cpp, line 1184]
Event: 0.223 Thread 0x000001726bc8e800 Exception <a 'java/lang/NoSuchMethodError'{0x000000070d61fe28}: java.lang.invoke.DelegatingMethodHandle$Holder.delegate(Ljava/lang/Object;Ljava/lang/Object;ILjava/lang/Object;)V> (0x000000070d61fe28) thrown at [t:/workspace/open/src/hotspot/share/interpre
Event: 0.224 Thread 0x000001726bc8e800 Exception <a 'java/lang/NoSuchMethodError'{0x000000070d623a40}: method resolution failed> (0x000000070d623a40) thrown at [t:/workspace/open/src/hotspot/share/prims/methodHandles.cpp, line 1184]
Event: 0.225 Thread 0x000001726bc8e800 Exception <a 'java/lang/NoSuchMethodError'{0x000000070d62a940}: java.lang.invoke.DirectMethodHandle$Holder.invokeStaticInit(Ljava/lang/Object;Ljava/lang/Object;Ljava/lang/Object;)Ljava/lang/Object;> (0x000000070d62a940) thrown at [t:/workspace/open/src/ho
Event: 0.389 Thread 0x000001726bc8e800 Exception <a 'java/lang/NoSuchMethodError'{0x000000070d22c990}: java.lang.invoke.DirectMethodHandle$Holder.invokeStatic(Ljava/lang/Object;Ljava/lang/Object;Ljava/lang/Object;)I> (0x000000070d22c990) thrown at [t:/workspace/open/src/hotspot/share/interpret

Events (10 events):
Event: 0.396 loading class org/lwjgl/system/StructBuffer
Event: 0.396 loading class org/lwjgl/system/StructBuffer done
Event: 0.409 Thread 0x000001726bc8e800 DEOPT PACKING pc=0x00000172005fc507 sp=0x0000005f652fe1e0
Event: 0.409 Thread 0x000001726bc8e800 DEOPT UNPACKING pc=0x00000172000288ce sp=0x0000005f652fd648 mode 0
Event: 0.415 loading class jdk/internal/reflect/UnsafeQualifiedStaticIntegerFieldAccessorImpl
Event: 0.415 loading class jdk/internal/reflect/UnsafeQualifiedStaticIntegerFieldAccessorImpl done
Event: 0.417 loading class org/lwjgl/glfw/GLFW$Functions
Event: 0.417 loading class org/lwjgl/glfw/GLFW$Functions done
Event: 0.480 loading class org/lwjgl/glfw/EventLoop$OffScreen
Event: 0.480 loading class org/lwjgl/glfw/EventLoop$OffScreen done


Dynamic libraries:
0x00007ff653370000 - 0x00007ff6533ae000 	C:\Program Files\Java\jdk-10\bin\javaw.exe
0x00007ffdf87e0000 - 0x00007ffdf89c1000 	C:\WINDOWS\SYSTEM32\ntdll.dll
0x00007ffdf7d10000 - 0x00007ffdf7dc2000 	C:\WINDOWS\System32\KERNEL32.DLL
0x00007ffdf51e0000 - 0x00007ffdf5453000 	C:\WINDOWS\System32\KERNELBASE.dll
0x00007ffdf86f0000 - 0x00007ffdf8791000 	C:\WINDOWS\System32\ADVAPI32.dll
0x00007ffdf6050000 - 0x00007ffdf60ee000 	C:\WINDOWS\System32\msvcrt.dll
0x00007ffdf7dd0000 - 0x00007ffdf7e2b000 	C:\WINDOWS\System32\sechost.dll
0x00007ffdf7a10000 - 0x00007ffdf7b34000 	C:\WINDOWS\System32\RPCRT4.dll
0x00007ffdf61e0000 - 0x00007ffdf6370000 	C:\WINDOWS\System32\USER32.dll
0x00007ffdf51c0000 - 0x00007ffdf51e0000 	C:\WINDOWS\System32\win32u.dll
0x00007ffdf81e0000 - 0x00007ffdf8208000 	C:\WINDOWS\System32\GDI32.dll
0x00007ffdf4db0000 - 0x00007ffdf4f42000 	C:\WINDOWS\System32\gdi32full.dll
0x00007ffdf5bd0000 - 0x00007ffdf5c6f000 	C:\WINDOWS\System32\msvcp_win.dll
0x00007ffdf4cb0000 - 0x00007ffdf4daa000 	C:\WINDOWS\System32\ucrtbase.dll
0x00007ffdecb50000 - 0x00007ffdecdb9000 	C:\WINDOWS\WinSxS\amd64_microsoft.windows.common-controls_6595b64144ccf1df_6.0.17134.523_none_fb409dd930672a56\COMCTL32.dll
0x00007ffdf5d20000 - 0x00007ffdf6042000 	C:\WINDOWS\System32\combase.dll
0x00007ffded450000 - 0x00007ffded45a000 	C:\WINDOWS\SYSTEM32\VERSION.dll
0x00007ffdf5140000 - 0x00007ffdf51ba000 	C:\WINDOWS\System32\bcryptPrimitives.dll
0x00007ffdf8660000 - 0x00007ffdf868d000 	C:\WINDOWS\System32\IMM32.DLL
0x00007ffdd03b0000 - 0x00007ffdd049f000 	C:\Program Files\Java\jdk-10\bin\msvcr120.dll
0x00007ffdc82d0000 - 0x00007ffdc8376000 	C:\Program Files\Java\jdk-10\bin\msvcp120.dll
0x0000000064750000 - 0x00000000651be000 	C:\Program Files\Java\jdk-10\bin\server\jvm.dll
0x00007ffdf7fa0000 - 0x00007ffdf7fa8000 	C:\WINDOWS\System32\PSAPI.DLL
0x00007ffde8000000 - 0x00007ffde8009000 	C:\WINDOWS\SYSTEM32\WSOCK32.dll
0x00007ffdf2380000 - 0x00007ffdf23a3000 	C:\WINDOWS\SYSTEM32\WINMM.dll
0x00007ffdf7b40000 - 0x00007ffdf7bac000 	C:\WINDOWS\System32\WS2_32.dll
0x00007ffdf2350000 - 0x00007ffdf237a000 	C:\WINDOWS\SYSTEM32\winmmbase.dll
0x00007ffdf4c60000 - 0x00007ffdf4ca9000 	C:\WINDOWS\System32\cfgmgr32.dll
0x00007ffdf2760000 - 0x00007ffdf276f000 	C:\Program Files\Java\jdk-10\bin\verify.dll
0x00007ffdf3550000 - 0x00007ffdf3719000 	C:\WINDOWS\SYSTEM32\DBGHELP.DLL
0x00007ffde7eb0000 - 0x00007ffde7ed9000 	C:\WINDOWS\SYSTEM32\dbgcore.DLL
0x00007ffde8980000 - 0x00007ffde89a7000 	C:\Program Files\Java\jdk-10\bin\java.dll
0x00007ffdee410000 - 0x00007ffdee426000 	C:\Program Files\Java\jdk-10\bin\zip.dll
0x00007ffdf11b0000 - 0x00007ffdf11ba000 	C:\Program Files\Java\jdk-10\bin\jimage.dll
0x00007ffdf63d0000 - 0x00007ffdf7810000 	C:\WINDOWS\System32\SHELL32.dll
0x00007ffdf8130000 - 0x00007ffdf81d9000 	C:\WINDOWS\System32\shcore.dll
0x00007ffdf54c0000 - 0x00007ffdf5bcd000 	C:\WINDOWS\System32\windows.storage.dll
0x00007ffdf8690000 - 0x00007ffdf86e1000 	C:\WINDOWS\System32\shlwapi.dll
0x00007ffdf4b90000 - 0x00007ffdf4ba1000 	C:\WINDOWS\System32\kernel.appcore.dll
0x00007ffdf4b60000 - 0x00007ffdf4b7f000 	C:\WINDOWS\System32\profapi.dll
0x00007ffdf4b10000 - 0x00007ffdf4b5c000 	C:\WINDOWS\System32\powrprof.dll
0x00007ffdf4b80000 - 0x00007ffdf4b8a000 	C:\WINDOWS\System32\FLTLIB.DLL
0x00007ffdee000000 - 0x00007ffdee01a000 	C:\Program Files\Java\jdk-10\bin\net.dll
0x00007ffdef960000 - 0x00007ffdefa3d000 	C:\WINDOWS\SYSTEM32\WINHTTP.dll
0x00007ffdf4310000 - 0x00007ffdf4376000 	C:\WINDOWS\system32\mswsock.dll
0x00007ffded000000 - 0x00007ffded011000 	C:\Program Files\Java\jdk-10\bin\nio.dll
0x00007ffdd69f0000 - 0x00007ffdd6a53000 	C:\Users\Joe Junior\AppData\Local\Temp\lwjglBoii\3.2.1-build-12\lwjgl.dll
0x00007ffdc6410000 - 0x00007ffdc6661000 	C:\Users\JOEJUN~1\AppData\Local\Temp\lwjglBoii\3.2.1-build-12\jemalloc.dll
0x00007ffdd99c0000 - 0x00007ffdd9a1e000 	C:\Users\JOEJUN~1\AppData\Local\Temp\lwjglBoii\3.2.1-build-12\glfw.dll
0x00007ffdf2da0000 - 0x00007ffdf2e38000 	C:\WINDOWS\system32\uxtheme.dll
0x00007ffdd7c60000 - 0x00007ffdd7ca3000 	C:\WINDOWS\SYSTEM32\dinput8.dll
0x00007ffdee3d0000 - 0x00007ffdee3e0000 	C:\WINDOWS\SYSTEM32\xinput1_4.dll
0x00007ffdf48a0000 - 0x00007ffdf48c7000 	C:\WINDOWS\SYSTEM32\DEVOBJ.dll
0x00007ffdf2ea0000 - 0x00007ffdf2ec9000 	C:\WINDOWS\SYSTEM32\dwmapi.dll
0x00007ffdeb7d0000 - 0x00007ffdeb849000 	C:\WINDOWS\SYSTEM32\inputhost.dll
0x00007ffdf1f60000 - 0x00007ffdf203a000 	C:\WINDOWS\SYSTEM32\CoreMessaging.dll
0x00007ffdf0880000 - 0x00007ffdf09cd000 	C:\WINDOWS\SYSTEM32\wintypes.dll
0x00007ffdebb90000 - 0x00007ffdebeae000 	C:\WINDOWS\SYSTEM32\CoreUIComponents.dll
0x00007ffdf3cf0000 - 0x00007ffdf3d21000 	C:\WINDOWS\SYSTEM32\ntmarta.dll
0x00007ffdf7fb0000 - 0x00007ffdf8123000 	C:\WINDOWS\System32\MSCTF.dll
0x00007ffdf7e30000 - 0x00007ffdf7ef2000 	C:\WINDOWS\System32\OLEAUT32.dll
0x00007ffdf3450000 - 0x00007ffdf345c000 	C:\WINDOWS\SYSTEM32\HID.DLL
0x00007ffdf8210000 - 0x00007ffdf865b000 	C:\WINDOWS\System32\SETUPAPI.DLL
0x00007ffdf5460000 - 0x00007ffdf54b7000 	C:\WINDOWS\System32\WINTRUST.dll
0x00007ffdf4af0000 - 0x00007ffdf4b02000 	C:\WINDOWS\System32\MSASN1.dll
0x00007ffdf4f50000 - 0x00007ffdf5132000 	C:\WINDOWS\System32\CRYPT32.dll
0x00007ffddc7f0000 - 0x00007ffddc910000 	C:\WINDOWS\SYSTEM32\opengl32.dll
0x00007ffded150000 - 0x00007ffded17c000 	C:\WINDOWS\SYSTEM32\GLU32.dll
0x00007ffd93a20000 - 0x00007ffd948f9000 	C:\WINDOWS\System32\DriverStore\FileRepository\ki124164.inf_amd64_85b60d2b8c3af983\ig9icd64.dll
0x00007ffdf3720000 - 0x00007ffdf3733000 	C:\WINDOWS\SYSTEM32\WTSAPI32.dll
0x00007ffdf38b0000 - 0x00007ffdf396b000 	C:\WINDOWS\SYSTEM32\dxgi.dll
0x00007ffde0c20000 - 0x00007ffde2222000 	C:\WINDOWS\System32\DriverStore\FileRepository\ki124164.inf_amd64_85b60d2b8c3af983\igc64.dll

dbghelp: loaded successfully - version: 4.0.5 - missing functions: none
symbol engine: initialized successfully - sym options: 0x614 - pdb path: .;C:\Program Files\Java\jdk-10\bin;C:\WINDOWS\SYSTEM32;C:\WINDOWS\WinSxS\amd64_microsoft.windows.common-controls_6595b64144ccf1df_6.0.17134.523_none_fb409dd930672a56;C:\Program Files\Java\jdk-10\bin\server;C:\Users\Joe Junior\AppData\Local\Temp\lwjglBoii\3.2.1-build-12;C:\Users\JOEJUN~1\AppData\Local\Temp\lwjglBoii\3.2.1-build-12;C:\WINDOWS\System32\DriverStore\FileRepository\ki124164.inf_amd64_85b60d2b8c3af983

VM Arguments:
jvm_args: -Dfile.encoding=Cp1252 
java_command: com.dezzy.skorp3legit.main.Main
java_class_path (initial): C:\Users\Joe Junior\git\Skorp-3-Legit\Skorp-3-Legit\target\classes;C:\Users\Joe Junior\.m2\repository\org\lwjgl\lwjgl\3.2.1\lwjgl-3.2.1.jar;C:\Users\Joe Junior\.m2\repository\org\lwjgl\lwjgl-assimp\3.2.1\lwjgl-assimp-3.2.1.jar;C:\Users\Joe Junior\.m2\repository\org\lwjgl\lwjgl-bgfx\3.2.1\lwjgl-bgfx-3.2.1.jar;C:\Users\Joe Junior\.m2\repository\org\lwjgl\lwjgl-cuda\3.2.1\lwjgl-cuda-3.2.1.jar;C:\Users\Joe Junior\.m2\repository\org\lwjgl\lwjgl-egl\3.2.1\lwjgl-egl-3.2.1.jar;C:\Users\Joe Junior\.m2\repository\org\lwjgl\lwjgl-glfw\3.2.1\lwjgl-glfw-3.2.1.jar;C:\Users\Joe Junior\.m2\repository\org\lwjgl\lwjgl-jawt\3.2.1\lwjgl-jawt-3.2.1.jar;C:\Users\Joe Junior\.m2\repository\org\lwjgl\lwjgl-jemalloc\3.2.1\lwjgl-jemalloc-3.2.1.jar;C:\Users\Joe Junior\.m2\repository\org\lwjgl\lwjgl-libdivide\3.2.1\lwjgl-libdivide-3.2.1.jar;C:\Users\Joe Junior\.m2\repository\org\lwjgl\lwjgl-llvm\3.2.1\lwjgl-llvm-3.2.1.jar;C:\Users\Joe Junior\.m2\repository\org\lwjgl\lwjgl-lmdb\3.2.1\lwjgl-lmdb-3.2.1.jar;C:\Users\Joe Junior\.m2\repository\org\lwjgl\lwjgl-lz4\3.2.1\lwjgl-lz4-3.2.1.jar;C:\Users\Joe Junior\.m2\repository\org\lwjgl\lwjgl-meow\3.2.1\lwjgl-meow-3.2.1.jar;C:\Users\Joe Junior\.m2\repository\org\lwjgl\lwjgl-nanovg\3.2.1\lwjgl-nanovg-3.2.1.jar;C:\Users\Joe Junior\.m2\repository\org\lwjgl\lwjgl-nfd\3.2.1\lwjgl-nfd-3.2.1.jar;C:\Users\Joe Junior\.m2\repository\org\lwjgl\lwjgl-nuklear\3.2.1\lwjgl-nuklear-3.2.1.jar;C:\Users\Joe Junior\.m2\repository\org\lwjgl\lwjgl-odbc\3.2.1\lwjgl-odbc-3.2.1.jar;C:\Users\Joe Junior\.m2\repository\org\lwjgl\lwjgl-openal\3.2.1\lwjgl-openal-3.2.1.jar;C:\Users\Joe Junior\.m2\repository\org\lwjgl\lwjgl-opencl\3.2.1\lwjgl-opencl-3.2.1.jar;C:\Users\Joe Junior\.m2\repository\org\lwjgl\lwjgl-opengl\3.2.1\lwjgl-opengl-3.2.1.jar;C:\Users\Joe Junior\.m2\repository\org\lwjgl\lwjgl-opengles\3.2.1\lwjgl-opengles-3.2.1.jar;C:\Users\Joe Junior\.m2\repository\org\lwjgl\lwjgl-openvr\3.2.1\lwjgl-openvr-3.2.1.jar;C:\Users\Joe Junior\.m2\repository\org
Launcher Type: SUN_STANDARD

Logging:
Log output configuration:
#0: stdout all=warning uptime,level,tags
#1: stderr all=off uptime,level,tags

Environment Variables:
JAVA_HOME=C:\Program Files\Java\jdk-10.0.1
PATH=C:/Program Files/Java/jre1.8.0_151/bin/server;C:/Program Files/Java/jre1.8.0_151/bin;C:/Program Files/Java/jre1.8.0_151/lib/amd64;C:\WINDOWS;C:\WINDOWS;C:\Program Files (x86)\Common Files\Oracle\Java\javapath;C:\Intel\OpenCL\sdk\bin\x64;C:\Intel\OpenCL\sdk\bin\x86;C:\Intel\OpenCL\sdk\bin\Pin;C:\Intel\OpenCL\sdk\bin\GTPin;C:\Program Files\Haskell\bin;C:\Program Files\Haskell Platform\8.2.2\lib\extralibs\bin;C:\Program Files\Haskell Platform\8.2.2\bin;C:\Program Files (x86)\Intel\iCLS Client\;C:\Program Files (x86)\Git\bin;C:\Program Files (x86)\Git\libexec\git-core;C:\ProgramData\Oracle\Java\javapath;C:\Program Files\Intel\iCLS Client\;C:\Windows\System32;C:\Windows;C:\Windows\System32\wbem;C:\Windows\System32\WindowsPowerShell\v1.0\;C:\Users\defaultuser0\Documents\Ndless-master\ndless-sdk\toolchain\install\bin;C:\Users\defaultuser0\Documents\Ndless-master\ndless-sdk\toolchain\bin;C:\Users\defaultuser0\Documents\Ndless-master\ndless-sdk\bin;\cygdrive\c\Users\defaultuser0\Documents\Ndless-master\ndless-sdk\toolchain\install\bin;\cygdrive\c\Users\defaultuser0\Documents\Ndless-master\ndless-sdk\bin;C:\Program Files\Java\jdk-9.0.1\bin;C:\Program Files\NASM;C:\masm32\bin;C:\WINDOWS\system32;C:\WINDOWS;C:\WINDOWS\System32\Wbem;C:\WINDOWS\System32\WindowsPowerShell\v1.0\;C:\WINDOWS\System32\OpenSSH\;C:\Program Files\CMake\bin;C:\MinGW\bin;C:\netcat_for_windows;C:\ndless\sdk\Ndless\ndless-sdk\toolchain\install\bin;C:\ndless\sdk\Ndless\ndless-sdk\bin;C:\Users\Joe Junior\AppData\Local\Programs\Python\Python37-32\Scripts\;C:\Users\Joe Junior\AppData\Local\Programs\Python\Python37-32\;C:\Users\Joe Junior\AppData\Roaming\cabal\bin;C:\Users\Joe Junior\AppData\Roaming\local\bin;C:\Users\Joe Junior\AppData\Local\Microsoft\WindowsApps;C:\Program Files\Java\jdk-9.0.1\bin;;C:\Users\Joe Junior\Desktop;
USERNAME=Boii
OS=Windows_NT
PROCESSOR_IDENTIFIER=Intel64 Family 6 Model 78 Stepping 3, GenuineIntel



---------------  S Y S T E M  ---------------

OS: Windows 10 , 64 bit Build 17134 (10.0.17134.1)

CPU:total 4 (initial active 4) (2 cores per cpu, 2 threads per core) family 6 model 78 stepping 3, cmov, cx8, fxsr, mmx, sse, sse2, sse3, ssse3, sse4.1, sse4.2, popcnt, avx, avx2, aes, clmul, erms, 3dnowpref, lzcnt, ht, tsc, tscinvbit, bmi1, bmi2, adx, fma

Memory: 4k page, physical 12470176k(5233160k free), swap 17188768k(8264480k free)

vm_info: Java HotSpot(TM) 64-Bit Server VM (10-ea+39) for windows-amd64 JRE (10-ea+39), built on Jan 11 2018 21:17:33 by "mach5one" with MS VC++ 12.0 (VS2013)

END.
